  main.cpp
c:\program files (x86)\intel realsense sdk 2.0\include\librealsense2\h\rs_option.h : warning C4819: 현재 코드 페이지(949)에서 표시할 수 없는 문자가 파일에 들어 있습니다. 데이터가 손실되지 않게 하려면 해당 파일을 유니코드 형식으로 저장하십시오.
c:\users\prime_ody\desktop\lin\vsproj\cam_realsense\cam_realsense\cv-helpers.hpp(131): warning C4244: '=': '_Tp'에서 'int'(으)로 변환하면서 데이터가 손실될 수 있습니다.
          with
          [
              _Tp=double
          ]
c:\users\prime_ody\desktop\lin\vsproj\cam_realsense\cam_realsense\cv-helpers.hpp(132): warning C4244: '=': '_Tp'에서 'int'(으)로 변환하면서 데이터가 손실될 수 있습니다.
          with
          [
              _Tp=double
          ]
c:\users\prime_ody\desktop\lin\vsproj\cam_realsense\cam_realsense\cv-helpers.hpp(133): warning C4244: '=': '_Tp'에서 'int'(으)로 변환하면서 데이터가 손실될 수 있습니다.
          with
          [
              _Tp=double
          ]
c:\users\prime_ody\desktop\lin\vsproj\cam_realsense\cam_realsense\cv-helpers.hpp(148): warning C4244: '인수': '_Tp'에서 'const int'(으)로 변환하면서 데이터가 손실될 수 있습니다.
          with
          [
              _Tp=double
          ]
  코드를 생성하고 있습니다.
  7 of 634 functions ( 1.1%) were compiled, the rest were copied from previous compilation.
    6 functions were new in current compilation
    0 functions had inline decision re-evaluated but remain unchanged
  코드를 생성했습니다.
  CAM_Realsense.vcxproj -> C:\Users\PRIME_ody\Desktop\Lin\VSproj\CAM_Realsense\x64\Release\CAM_Realsense.exe
